2012-07-23 14:40:26,495 - SimpleLog4JLogSystem initialized using logfile 'velocity.log'
2012-07-23 14:40:26,495 - ************************************************************** 
2012-07-23 14:40:26,495 - Starting Jakarta Velocity v1.4
2012-07-23 14:40:26,495 - RuntimeInstance initializing.
2012-07-23 14:40:26,495 - Default Properties File: org\apache\velocity\runtime\defaults\velocity.properties
2012-07-23 14:40:26,495 - Trying to use logger class org.apache.velocity.runtime.log.SimpleLog4JLogSystem
2012-07-23 14:40:26,495 - Using logger class org.apache.velocity.runtime.log.SimpleLog4JLogSystem
2012-07-23 14:40:26,497 - Default ResourceManager initializing. (class org.apache.velocity.runtime.resource.ResourceManagerImpl)
2012-07-23 14:40:26,498 - Resource Loader Instantiated: org.apache.velocity.runtime.resource.loader.FileResourceLoader
2012-07-23 14:40:26,498 - FileResourceLoader : initialization starting.
2012-07-23 14:40:26,498 - FileResourceLoader : adding path '.'
2012-07-23 14:40:26,498 - FileResourceLoader : initialization complete.
2012-07-23 14:40:26,499 - Resource Loader Instantiated: org.apache.velocity.runtime.resource.loader.ClasspathResourceLoader
2012-07-23 14:40:26,499 - ClasspathResourceLoader : initialization starting.
2012-07-23 14:40:26,499 - ClasspathResourceLoader : initialization complete.
2012-07-23 14:40:26,500 - ResourceCache : initialized. (class org.apache.velocity.runtime.resource.ResourceCacheImpl)
2012-07-23 14:40:26,500 - Default ResourceManager initialization complete.
2012-07-23 14:40:26,501 - Loaded System Directive: org.apache.velocity.runtime.directive.Literal
2012-07-23 14:40:26,501 - Loaded System Directive: org.apache.velocity.runtime.directive.Macro
2012-07-23 14:40:26,503 - Loaded System Directive: org.apache.velocity.runtime.directive.Parse
2012-07-23 14:40:26,503 - Loaded System Directive: org.apache.velocity.runtime.directive.Include
2012-07-23 14:40:26,504 - Loaded System Directive: org.apache.velocity.runtime.directive.Foreach
2012-07-23 14:40:26,522 - Created: 20 parsers.
2012-07-23 14:40:26,526 - Velocimacro : initialization starting.
2012-07-23 14:40:26,526 - Velocimacro : adding VMs from VM library template : VM_global_library.vm
2012-07-23 14:40:26,528 - ResourceManager : unable to find resource 'VM_global_library.vm' in any resource loader.
2012-07-23 14:40:26,528 - Velocimacro : error using  VM library template VM_global_library.vm : org.apache.velocity.exception.ResourceNotFoundException: Unable to find resource 'VM_global_library.vm'
2012-07-23 14:40:26,528 - Velocimacro :  VM library template macro registration complete.
2012-07-23 14:40:26,528 - Velocimacro : allowInline = true : VMs can be defined inline in templates
2012-07-23 14:40:26,528 - Velocimacro : allowInlineToOverride = false : VMs defined inline may NOT replace previous VM definitions
2012-07-23 14:40:26,528 - Velocimacro : allowInlineLocal = false : VMs defined inline will be  global in scope if allowed.
2012-07-23 14:40:26,528 - Velocimacro : messages on  : VM system will output logging messages
2012-07-23 14:40:26,528 - Velocimacro : autoload off  : VM system will not automatically reload global library macros
2012-07-23 14:40:26,528 - Velocimacro : initialization complete.
2012-07-23 14:40:26,528 - Velocity successfully started.
